<?xml version="1.0" encoding="UTF-8"?>
<!-- Generated by org.testng.reporters.JUnitReportReporter -->
<testsuite skipped="0" hostname="DESKTOP-4JQCKJ4" name="testCases.Add_To_Cart" tests="1" failures="0" timestamp="2020-06-22T09:24:13 NPT" time="87.412" errors="0">
  <testcase name="add" time="87.412" classname="testCases.Add_To_Cart"/>
  <system-out/>
</testsuite> <!-- testCases.Add_To_Cart -->
