<?xml version="1.0" encoding="UTF-8"?>
<!-- Generated by org.testng.reporters.JUnitReportReporter -->
<testsuite skipped="0" hostname="DESKTOP-4JQCKJ4" name="test.Add_To_Cart" tests="1" failures="0" timestamp="2020-06-21T13:31:38 NPT" time="29.794" errors="0">
  <testcase name="add" time="29.794" classname="test.Add_To_Cart"/>
  <system-out/>
</testsuite> <!-- test.Add_To_Cart -->
